<?xml version="1.0" encoding="UTF-8"?>
<!-- Generated by org.testng.reporters.JUnitXMLReporter -->
<testsuite ignored="0" hostname="MAVBCP3509" failures="0" tests="3" name="Command line test" time="0.079" errors="0" timestamp="2021-10-14T09:39:24 IST">
  <testcase classname="com.selenium.examples.ParallelTest" name="@BeforeTest openBrowser" time="-1.634184564038E9">
    <failure type="org.testng.TestNGException" message="
Parameter &amp;apos;browser&amp;apos; is required by BeforeTest on method openBrowser but has not been marked @Optional or defined
">
      <![CDATA[org.testng.TestNGException: 
Parameter 'browser' is required by BeforeTest on method openBrowser but has not been marked @Optional or defined

... Removed 31 stack frames]]>
    </failure>
  </testcase> <!-- @BeforeTest openBrowser -->
  <testcase classname="com.selenium.examples.WaitTest" name="@BeforeMethod setUp" time="-1.634184564107E9">
    <skipped/>
  </testcase> <!-- @BeforeMethod setUp -->
  <testcase classname="com.selenium.examples.WaitTest" name="@AfterMethod tearDown" time="-1.634184564108E9">
    <skipped/>
  </testcase> <!-- @AfterMethod tearDown -->
  <testcase classname="com.selenium.examples.ParallelTest" name="@AfterTest closeBrowser" time="-1.634184564108E9">
    <skipped/>
  </testcase> <!-- @AfterTest closeBrowser -->
  <testcase classname="com.selenium.examples.ParallelTest" name="login_TestCase" time="0.0">
    <skipped/>
  </testcase> <!-- login_TestCase -->
  <testcase classname="com.selenium.examples.ParallelTest" name="search_TestCase" time="0.0">
    <skipped/>
  </testcase> <!-- search_TestCase -->
  <testcase classname="com.selenium.examples.WaitTest" name="testUntitled" time="0.0">
    <skipped/>
  </testcase> <!-- testUntitled -->
</testsuite> <!-- Command line test -->
